<!DOCTYPE html PUBLIC "-//W3C//DTD XHTML 1.1//EN" "http://www.w3.org/TR/xhtml11/DTD/xhtml11.dtd">
<html xmlns="http://www.w3.org/1999/xhtml">
<head>
<meta http-equiv="content-type" content="text/html; charset=UTF-8"/>
<title>TestNG Report</title>
<style type="text/css">table {margin-bottom:10px;border-collapse:collapse;empty-cells:show}th,td {border:1px solid #009;padding:.25em .5em}th {vertical-align:bottom}td {vertical-align:top}table a {font-weight:bold}.stripe td {background-color: #E6EBF9}.num {text-align:right}.passedodd td {background-color: #3F3}.passedeven td {background-color: #0A0}.skippedodd td {background-color: #DDD}.skippedeven td {background-color: #CCC}.failedodd td,.attn {background-color: #F33}.failedeven td,.stripe .attn {background-color: #D00}.stacktrace {white-space:pre;font-family:monospace}.totop {font-size:85%;text-align:center;border-bottom:2px solid #000}.invisible {display:none}</style>
</head>
<body>
<table>
<tr><th>Test</th><th># Passed</th><th># Skipped</th><th># Failed</th><th>Time (ms)</th><th>Included Groups</th><th>Excluded Groups</th></tr>
<tr><th colspan="7">Default suite</th></tr>
<tr><td><a href="#t0">Default test</a></td><td class="num">0</td><td class="num">0</td><td class="num attn">3</td><td class="num">121,055</td><td></td><td></td></tr>
</table>
<table id='summary'><thead><tr><th>Class</th><th>Method</th><th>Start</th><th>Time (ms)</th></tr></thead><tbody><tr><th colspan="4">Default suite</th></tr></tbody><tbody id="t0"><tr><th colspan="4">Default test &#8212; failed</th></tr><tr class="failedeven"><td rowspan="3">com.prakat.Exide.TestScripts.PFMonthly</td><td><a href="#m0">ProductDetails</a></td><td rowspan="3">1563878693672</td><td rowspan="3">50734</td></tr><tr class="failedeven"><td><a href="#m1">ProductDetails</a></td></tr><tr class="failedeven"><td><a href="#m2">ProductDetails</a></td></tr></tbody>
</table>
<h2>Default test</h2><h3 id="m0">com.prakat.Exide.TestScripts.PFMonthly#ProductDetails</h3><table class="result"><tr class="param"><th>Parameter #1</th><th>Parameter #2</th><th>Parameter #3</th><th>Parameter #4</th><th>Parameter #5</th><th>Parameter #6</th><th>Parameter #7</th><th>Parameter #8</th><th>Parameter #9</th><th>Parameter #10</th><th>Parameter #11</th><th>Parameter #12</th><th>Parameter #13</th><th>Parameter #14</th><th>Parameter #15</th><th>Parameter #16</th><th>Parameter #17</th><th>Parameter #18</th><th>Parameter #19</th><th>Parameter #20</th><th>Parameter #21</th><th>Parameter #22</th><th>Parameter #23</th><th>Parameter #24</th><th>Parameter #25</th><th>Parameter #26</th><th>Parameter #27</th><th>Parameter #28</th><th>Parameter #29</th><th>Parameter #30</th><th>Parameter #31</th><th>Parameter #32</th><th>Parameter #33</th><th>Parameter #34</th><th>Parameter #35</th><th>Parameter #36</th><th>Parameter #37</th><th>Parameter #38</th><th>Parameter #39</th><th>Parameter #40</th><th>Parameter #41</th><th>Parameter #42</th><th>Parameter #43</th><th>Parameter #44</th><th>Parameter #45</th><th>Parameter #46</th><th>Parameter #47</th><th>Parameter #48</th><th>Parameter #49</th><th>Parameter #50</th><th>Parameter #51</th><th>Parameter #52</th><th>Parameter #53</th><th>Parameter #54</th><th>Parameter #55</th><th>Parameter #56</th><th>Parameter #57</th><th>Parameter #58</th><th>Parameter #59</th><th>Parameter #60</th><th>Parameter #61</th><th>Parameter #62</th><th>Parameter #63</th><th>Parameter #64</th><th>Parameter #65</th><th>Parameter #66</th><th>Parameter #67</th><th>Parameter #68</th><th>Parameter #69</th><th>Parameter #70</th><th>Parameter #71</th><th>Parameter #72</th><th>Parameter #73</th><th>Parameter #74</th><th>Parameter #75</th><th>Parameter #76</th><th>Parameter #77</th><th>Parameter #78</th><th>Parameter #79</th><th>Parameter #80</th><th>Parameter #81</th><th>Parameter #82</th><th>Parameter #83</th><th>Parameter #84</th><th>Parameter #85</th><th>Parameter #86</th><th>Parameter #87</th><th>Parameter #88</th><th>Parameter #89</th><th>Parameter #90</th></tr><tr class="param stripe"><td>1.0</td><td>Valid Data</td><td>T20-Exide Life Smart Term - Classic RP</td><td>PI000105</td><td>60000086</td><td>1111111111111</td><td>Self</td><td>1</td><td>1</td><td>1994</td><td>AWXPV9306M</td><td>Mr</td><td>10th std Admit card with DOB</td><td>Amit</td><td>A</td><td>B</td><td>Voters ID</td><td>1</td><td>Graduate</td><td>Single</td><td>Basavaraju</td><td>A</td><td>B</td><td>Resident Indian National</td><td>Bangalore</td><td>kormangala</td><td>Adugodi</td><td>Near Forum</td><td>560066</td><td>Aadhaar Card</td><td>9740234356</td><td>vanitha.cv@prakat.in</td><td>English</td><td>Agriculturist / Farmer</td><td>Agriculturist</td><td>Agriculturist</td><td>Other</td><td>30000</td><td>20000</td><td>Agriculturist</td><td>23</td><td>5</td><td>1974</td><td>Father</td><td>Married</td><td>100</td><td>700000</td><td>25</td><td>Monthly</td><td>15</td><td>7</td><td>2019</td><td>Non-Medical</td><td>123456789</td><td>123456789</td><td>Current</td><td>Amit</td><td>HDFC0002019</td><td>01</td><td>60000</td><td>Testing</td><td>Half Yearly</td><td>Srk</td><td>Credit Card - Matercard</td><td>1.23456789E8</td><td>07</td><td>2019.0</td><td>HDFC BANK</td><td>170</td><td>50</td><td>Cash</td><td>HDFC Bank</td><td>3392</td><td>Agricultural Sales receipt</td><td>2018 - 19</td><td>20000</td><td>Non Smoker</td><td>Cheque</td><td>HDFC Bank</td><td>123456.0</td><td>2000.0</td><td>19</td><td>06</td><td>2019.0</td><td>Local</td><td>HDFC BANK LTD</td><td>Kondapur</td><td>123456789</td><td>123456789</td><td>Amit</td></tr><tr><th colspan="90">Exception</th></tr><tr><td colspan="90"><div class="stacktrace">org.openqa.selenium.ElementClickInterceptedException: element click intercepted: Element &lt;button _ngcontent-c17=&quot;&quot; class=&quot;btn btn-primary&quot; disabled=&quot;&quot;&gt;...&lt;/button&gt; is not clickable at point (1036, 548). Other element would receive the click: &lt;div _ngcontent-c1=&quot;&quot; aria-labelledby=&quot;successModalLabel&quot; class=&quot;modal fade successModal show&quot; id=&quot;successModal&quot; role=&quot;dialog&quot; tabindex=&quot;-1&quot;&gt;...&lt;/div&gt;
  (Session info: chrome=75.0.3770.142)
  (Driver info: chromedriver=74.0.3729.6 (255758eccf3d244491b8a1317aa76e1ce10d57e9-refs/branch-heads/3729@{#29}),platform=Windows NT 10.0.17763 x86_64) (WARNING: The server did not provide any stacktrace information)
Command duration or timeout: 0 milliseconds
Build info: version: &apos;3.14.0&apos;, revision: &apos;aacccce0&apos;, time: &apos;2018-08-02T20:19:58.91Z&apos;
System info: host: &apos;PRAKAT-L-064&apos;, ip: &apos;192.168.1.90&apos;, os.name: &apos;Windows 10&apos;, os.arch: &apos;amd64&apos;, os.version: &apos;10.0&apos;, java.version: &apos;1.8.0_161&apos;
Driver info: org.openqa.selenium.chrome.ChromeDriver
Capabilities {acceptInsecureCerts: false, acceptSslCerts: false, applicationCacheEnabled: false, browserConnectionEnabled: false, browserName: chrome, chrome: {chromedriverVersion: 74.0.3729.6 (255758eccf3d24..., userDataDir: C:\Users\PRAKAT~1\AppData\L...}, cssSelectorsEnabled: true, databaseEnabled: false, goog:chromeOptions: {debuggerAddress: localhost:60132}, handlesAlerts: true, hasTouchScreen: false, javascriptEnabled: true, locationContextEnabled: true, mobileEmulationEnabled: false, nativeEvents: true, networkConnectionEnabled: false, pageLoadStrategy: normal, platform: XP, platformName: XP, proxy: Proxy(), rotatable: false, setWindowRect: true, strictFileInteractability: false, takesHeapSnapshot: true, takesScreenshot: true, timeouts: {implicit: 0, pageLoad: 300000, script: 30000}, unexpectedAlertBehaviour: ignore, unhandledPromptBehavior: ignore, version: 75.0.3770.142, webStorageEnabled: true}
Session ID: afffca73439079765078e1031cad2624
	at sun.reflect.NativeConstructorAccessorImpl.newInstance0(Native Method)
	at sun.reflect.NativeConstructorAccessorImpl.newInstance(Unknown Source)
	at sun.reflect.DelegatingConstructorAccessorImpl.newInstance(Unknown Source)
	at java.lang.reflect.Constructor.newInstance(Unknown Source)
	at org.openqa.selenium.remote.ErrorHandler.createThrowable(ErrorHandler.java:214)
	at org.openqa.selenium.remote.ErrorHandler.throwIfResponseFailed(ErrorHandler.java:166)
	at org.openqa.selenium.remote.http.JsonHttpResponseCodec.reconstructValue(JsonHttpResponseCodec.java:40)
	at org.openqa.selenium.remote.http.AbstractHttpResponseCodec.decode(AbstractHttpResponseCodec.java:80)
	at org.openqa.selenium.remote.http.AbstractHttpResponseCodec.decode(AbstractHttpResponseCodec.java:44)
	at org.openqa.selenium.remote.HttpCommandExecutor.execute(HttpCommandExecutor.java:158)
	at org.openqa.selenium.remote.service.DriverCommandExecutor.execute(DriverCommandExecutor.java:83)
	at org.openqa.selenium.remote.RemoteWebDriver.execute(RemoteWebDriver.java:548)
	at org.openqa.selenium.remote.RemoteWebElement.execute(RemoteWebElement.java:276)
	at org.openqa.selenium.remote.RemoteWebElement.click(RemoteWebElement.java:83)
	at sun.reflect.NativeMethodAccessorImpl.invoke0(Native Method)
	at sun.reflect.NativeMethodAccessorImpl.invoke(Unknown Source)
	at sun.reflect.DelegatingMethodAccessorImpl.invoke(Unknown Source)
	at java.lang.reflect.Method.invoke(Unknown Source)
	at org.openqa.selenium.support.pagefactory.internal.LocatingElementHandler.invoke(LocatingElementHandler.java:51)
	at com.sun.proxy.$Proxy13.click(Unknown Source)
	at com.prakat.Exide.TestScripts.PFMonthly.ProductDetails(PFMonthly.java:175)
	at sun.reflect.NativeMethodAccessorImpl.invoke0(Native Method)
	at sun.reflect.NativeMethodAccessorImpl.invoke(Unknown Source)
	at sun.reflect.DelegatingMethodAccessorImpl.invoke(Unknown Source)
	at java.lang.reflect.Method.invoke(Unknown Source)
	at org.testng.internal.MethodInvocationHelper.invokeMethod(MethodInvocationHelper.java:124)
	at org.testng.internal.Invoker.invokeMethod(Invoker.java:583)
	at org.testng.internal.Invoker.invokeTestMethod(Invoker.java:719)
	at org.testng.internal.Invoker.invokeTestMethods(Invoker.java:989)
	at org.testng.internal.TestMethodWorker.invokeTestMethods(TestMethodWorker.java:125)
	at org.testng.internal.TestMethodWorker.run(TestMethodWorker.java:109)
	at org.testng.TestRunner.privateRun(TestRunner.java:648)
	at org.testng.TestRunner.run(TestRunner.java:505)
	at org.testng.SuiteRunner.runTest(SuiteRunner.java:455)
	at org.testng.SuiteRunner.runSequentially(SuiteRunner.java:450)
	at org.testng.SuiteRunner.privateRun(SuiteRunner.java:415)
	at org.testng.SuiteRunner.run(SuiteRunner.java:364)
	at org.testng.SuiteRunnerWorker.runSuite(SuiteRunnerWorker.java:52)
	at org.testng.SuiteRunnerWorker.run(SuiteRunnerWorker.java:84)
	at org.testng.TestNG.runSuitesSequentially(TestNG.java:1208)
	at org.testng.TestNG.runSuitesLocally(TestNG.java:1137)
	at org.testng.TestNG.runSuites(TestNG.java:1049)
	at org.testng.TestNG.run(TestNG.java:1017)
	at org.testng.remote.AbstractRemoteTestNG.run(AbstractRemoteTestNG.java:114)
	at org.testng.remote.RemoteTestNG.initAndRun(RemoteTestNG.java:251)
	at org.testng.remote.RemoteTestNG.main(RemoteTestNG.java:77)
</div></td></tr></table><p class="totop"><a href="#summary">back to summary</a></p>
<h3 id="m1">com.prakat.Exide.TestScripts.PFMonthly#ProductDetails</h3><table class="result"><tr class="param"><th>Parameter #1</th><th>Parameter #2</th><th>Parameter #3</th><th>Parameter #4</th><th>Parameter #5</th><th>Parameter #6</th><th>Parameter #7</th><th>Parameter #8</th><th>Parameter #9</th><th>Parameter #10</th><th>Parameter #11</th><th>Parameter #12</th><th>Parameter #13</th><th>Parameter #14</th><th>Parameter #15</th><th>Parameter #16</th><th>Parameter #17</th><th>Parameter #18</th><th>Parameter #19</th><th>Parameter #20</th><th>Parameter #21</th><th>Parameter #22</th><th>Parameter #23</th><th>Parameter #24</th><th>Parameter #25</th><th>Parameter #26</th><th>Parameter #27</th><th>Parameter #28</th><th>Parameter #29</th><th>Parameter #30</th><th>Parameter #31</th><th>Parameter #32</th><th>Parameter #33</th><th>Parameter #34</th><th>Parameter #35</th><th>Parameter #36</th><th>Parameter #37</th><th>Parameter #38</th><th>Parameter #39</th><th>Parameter #40</th><th>Parameter #41</th><th>Parameter #42</th><th>Parameter #43</th><th>Parameter #44</th><th>Parameter #45</th><th>Parameter #46</th><th>Parameter #47</th><th>Parameter #48</th><th>Parameter #49</th><th>Parameter #50</th><th>Parameter #51</th><th>Parameter #52</th><th>Parameter #53</th><th>Parameter #54</th><th>Parameter #55</th><th>Parameter #56</th><th>Parameter #57</th><th>Parameter #58</th><th>Parameter #59</th><th>Parameter #60</th><th>Parameter #61</th><th>Parameter #62</th><th>Parameter #63</th><th>Parameter #64</th><th>Parameter #65</th><th>Parameter #66</th><th>Parameter #67</th><th>Parameter #68</th><th>Parameter #69</th><th>Parameter #70</th><th>Parameter #71</th><th>Parameter #72</th><th>Parameter #73</th><th>Parameter #74</th><th>Parameter #75</th><th>Parameter #76</th><th>Parameter #77</th><th>Parameter #78</th><th>Parameter #79</th><th>Parameter #80</th><th>Parameter #81</th><th>Parameter #82</th><th>Parameter #83</th><th>Parameter #84</th><th>Parameter #85</th><th>Parameter #86</th><th>Parameter #87</th><th>Parameter #88</th><th>Parameter #89</th><th>Parameter #90</th></tr><tr class="param stripe"><td>2.0</td><td>Valid Data</td><td>T20-Exide Life Smart Term - Classic RP</td><td>PI000106</td><td>60000086</td><td>1111111111111</td><td>Self</td><td>2</td><td>1</td><td>1994</td><td>AWXPV9306M</td><td>Mr</td><td>10th std Admit card with DOB</td><td>Aarav</td><td>A</td><td>B</td><td>Voters ID</td><td>1</td><td>Graduate</td><td>Single</td><td>Anil</td><td>A</td><td>B</td><td>Resident Indian National</td><td>Bangalore</td><td>kormangala</td><td>Adugodi</td><td>Near Forum</td><td>560066</td><td>Aadhaar Card</td><td>9740234356</td><td>vanitha.cv@prakat.in</td><td>English</td><td>Salaried - MNC</td><td>Accountant</td><td>Accountant</td><td>ABB Limited</td><td>10000</td><td>5000</td><td>Accountant</td><td>23</td><td>5</td><td>1974</td><td>Father</td><td>Married</td><td>100</td><td>700000</td><td>25</td><td>Monthly</td><td>15</td><td>7</td><td>2019</td><td>Non-Medical</td><td>123456789</td><td>123456789</td><td>Current</td><td>kunal</td><td>HDFC0002019</td><td>01</td><td>60000</td><td>Testing</td><td>Half Yearly</td><td>Srk</td><td>Credit Card - Matercard</td><td>1.23456789E8</td><td>07</td><td>2019.0</td><td>HDFC BANK</td><td>170</td><td>50</td><td>Cash</td><td>HDFC Bank</td><td>3392</td><td>Salary Slip</td><td>2018 - 19</td><td>2000</td><td>Non Smoker</td><td>Cheque</td><td>HDFC Bank</td><td>123456.0</td><td>2000.0</td><td>19</td><td>06</td><td>2019.0</td><td>Local</td><td>HDFC BANK LTD</td><td>Kondapur</td><td>123456789</td><td>123456789</td><td>kunal</td></tr><tr><th colspan="90">Exception</th></tr><tr><td colspan="90"><div class="stacktrace">org.openqa.selenium.NoSuchElementException: no such element: Unable to locate element: {&quot;method&quot;:&quot;id&quot;,&quot;selector&quot;:&quot;username&quot;}
  (Session info: chrome=75.0.3770.142)
  (Driver info: chromedriver=74.0.3729.6 (255758eccf3d244491b8a1317aa76e1ce10d57e9-refs/branch-heads/3729@{#29}),platform=Windows NT 10.0.17763 x86_64) (WARNING: The server did not provide any stacktrace information)
Command duration or timeout: 0 milliseconds
For documentation on this error, please visit: http://seleniumhq.org/exceptions/no_such_element.html
Build info: version: &apos;3.14.0&apos;, revision: &apos;aacccce0&apos;, time: &apos;2018-08-02T20:19:58.91Z&apos;
System info: host: &apos;PRAKAT-L-064&apos;, ip: &apos;192.168.1.90&apos;, os.name: &apos;Windows 10&apos;, os.arch: &apos;amd64&apos;, os.version: &apos;10.0&apos;, java.version: &apos;1.8.0_161&apos;
Driver info: org.openqa.selenium.chrome.ChromeDriver
Capabilities {acceptInsecureCerts: false, acceptSslCerts: false, applicationCacheEnabled: false, browserConnectionEnabled: false, browserName: chrome, chrome: {chromedriverVersion: 74.0.3729.6 (255758eccf3d24..., userDataDir: C:\Users\PRAKAT~1\AppData\L...}, cssSelectorsEnabled: true, databaseEnabled: false, goog:chromeOptions: {debuggerAddress: localhost:60132}, handlesAlerts: true, hasTouchScreen: false, javascriptEnabled: true, locationContextEnabled: true, mobileEmulationEnabled: false, nativeEvents: true, networkConnectionEnabled: false, pageLoadStrategy: normal, platform: XP, platformName: XP, proxy: Proxy(), rotatable: false, setWindowRect: true, strictFileInteractability: false, takesHeapSnapshot: true, takesScreenshot: true, timeouts: {implicit: 0, pageLoad: 300000, script: 30000}, unexpectedAlertBehaviour: ignore, unhandledPromptBehavior: ignore, version: 75.0.3770.142, webStorageEnabled: true}
Session ID: afffca73439079765078e1031cad2624
*** Element info: {Using=id, value=username}
	at sun.reflect.NativeConstructorAccessorImpl.newInstance0(Native Method)
	at sun.reflect.NativeConstructorAccessorImpl.newInstance(Unknown Source)
	at sun.reflect.DelegatingConstructorAccessorImpl.newInstance(Unknown Source)
	at java.lang.reflect.Constructor.newInstance(Unknown Source)
	at org.openqa.selenium.remote.ErrorHandler.createThrowable(ErrorHandler.java:214)
	at org.openqa.selenium.remote.ErrorHandler.throwIfResponseFailed(ErrorHandler.java:166)
	at org.openqa.selenium.remote.http.JsonHttpResponseCodec.reconstructValue(JsonHttpResponseCodec.java:40)
	at org.openqa.selenium.remote.http.AbstractHttpResponseCodec.decode(AbstractHttpResponseCodec.java:80)
	at org.openqa.selenium.remote.http.AbstractHttpResponseCodec.decode(AbstractHttpResponseCodec.java:44)
	at org.openqa.selenium.remote.HttpCommandExecutor.execute(HttpCommandExecutor.java:158)
	at org.openqa.selenium.remote.service.DriverCommandExecutor.execute(DriverCommandExecutor.java:83)
	at org.openqa.selenium.remote.RemoteWebDriver.execute(RemoteWebDriver.java:548)
	at org.openqa.selenium.remote.RemoteWebDriver.findElement(RemoteWebDriver.java:322)
	at org.openqa.selenium.remote.RemoteWebDriver.findElementById(RemoteWebDriver.java:368)
	at org.openqa.selenium.By$ById.findElement(By.java:188)
	at org.openqa.selenium.remote.RemoteWebDriver.findElement(RemoteWebDriver.java:314)
	at org.openqa.selenium.support.pagefactory.DefaultElementLocator.findElement(DefaultElementLocator.java:69)
	at org.openqa.selenium.support.pagefactory.internal.LocatingElementHandler.invoke(LocatingElementHandler.java:38)
	at com.sun.proxy.$Proxy13.sendKeys(Unknown Source)
	at com.prakat.Exide.Pages.LoginPage.login(LoginPage.java:68)
	at com.prakat.Exide.TestScripts.PFMonthly.ProductDetails(PFMonthly.java:112)
	at sun.reflect.NativeMethodAccessorImpl.invoke0(Native Method)
	at sun.reflect.NativeMethodAccessorImpl.invoke(Unknown Source)
	at sun.reflect.DelegatingMethodAccessorImpl.invoke(Unknown Source)
	at java.lang.reflect.Method.invoke(Unknown Source)
	at org.testng.internal.MethodInvocationHelper.invokeMethod(MethodInvocationHelper.java:124)
	at org.testng.internal.Invoker.invokeMethod(Invoker.java:583)
	at org.testng.internal.Invoker.invokeTestMethod(Invoker.java:719)
	at org.testng.internal.Invoker.invokeTestMethods(Invoker.java:989)
	at org.testng.internal.TestMethodWorker.invokeTestMethods(TestMethodWorker.java:125)
	at org.testng.internal.TestMethodWorker.run(TestMethodWorker.java:109)
	at org.testng.TestRunner.privateRun(TestRunner.java:648)
	at org.testng.TestRunner.run(TestRunner.java:505)
	at org.testng.SuiteRunner.runTest(SuiteRunner.java:455)
	at org.testng.SuiteRunner.runSequentially(SuiteRunner.java:450)
	at org.testng.SuiteRunner.privateRun(SuiteRunner.java:415)
	at org.testng.SuiteRunner.run(SuiteRunner.java:364)
	at org.testng.SuiteRunnerWorker.runSuite(SuiteRunnerWorker.java:52)
	at org.testng.SuiteRunnerWorker.run(SuiteRunnerWorker.java:84)
	at org.testng.TestNG.runSuitesSequentially(TestNG.java:1208)
	at org.testng.TestNG.runSuitesLocally(TestNG.java:1137)
	at org.testng.TestNG.runSuites(TestNG.java:1049)
	at org.testng.TestNG.run(TestNG.java:1017)
	at org.testng.remote.AbstractRemoteTestNG.run(AbstractRemoteTestNG.java:114)
	at org.testng.remote.RemoteTestNG.initAndRun(RemoteTestNG.java:251)
	at org.testng.remote.RemoteTestNG.main(RemoteTestNG.java:77)
</div></td></tr></table><p class="totop"><a href="#summary">back to summary</a></p>
<h3 id="m2">com.prakat.Exide.TestScripts.PFMonthly#ProductDetails</h3><table class="result"><tr class="param"><th>Parameter #1</th><th>Parameter #2</th><th>Parameter #3</th><th>Parameter #4</th><th>Parameter #5</th><th>Parameter #6</th><th>Parameter #7</th><th>Parameter #8</th><th>Parameter #9</th><th>Parameter #10</th><th>Parameter #11</th><th>Parameter #12</th><th>Parameter #13</th><th>Parameter #14</th><th>Parameter #15</th><th>Parameter #16</th><th>Parameter #17</th><th>Parameter #18</th><th>Parameter #19</th><th>Parameter #20</th><th>Parameter #21</th><th>Parameter #22</th><th>Parameter #23</th><th>Parameter #24</th><th>Parameter #25</th><th>Parameter #26</th><th>Parameter #27</th><th>Parameter #28</th><th>Parameter #29</th><th>Parameter #30</th><th>Parameter #31</th><th>Parameter #32</th><th>Parameter #33</th><th>Parameter #34</th><th>Parameter #35</th><th>Parameter #36</th><th>Parameter #37</th><th>Parameter #38</th><th>Parameter #39</th><th>Parameter #40</th><th>Parameter #41</th><th>Parameter #42</th><th>Parameter #43</th><th>Parameter #44</th><th>Parameter #45</th><th>Parameter #46</th><th>Parameter #47</th><th>Parameter #48</th><th>Parameter #49</th><th>Parameter #50</th><th>Parameter #51</th><th>Parameter #52</th><th>Parameter #53</th><th>Parameter #54</th><th>Parameter #55</th><th>Parameter #56</th><th>Parameter #57</th><th>Parameter #58</th><th>Parameter #59</th><th>Parameter #60</th><th>Parameter #61</th><th>Parameter #62</th><th>Parameter #63</th><th>Parameter #64</th><th>Parameter #65</th><th>Parameter #66</th><th>Parameter #67</th><th>Parameter #68</th><th>Parameter #69</th><th>Parameter #70</th><th>Parameter #71</th><th>Parameter #72</th><th>Parameter #73</th><th>Parameter #74</th><th>Parameter #75</th><th>Parameter #76</th><th>Parameter #77</th><th>Parameter #78</th><th>Parameter #79</th><th>Parameter #80</th><th>Parameter #81</th><th>Parameter #82</th><th>Parameter #83</th><th>Parameter #84</th><th>Parameter #85</th><th>Parameter #86</th><th>Parameter #87</th><th>Parameter #88</th><th>Parameter #89</th><th>Parameter #90</th></tr><tr class="param stripe"><td>3.0</td><td>InValid Data</td><td>T20-Exide Life Smart Term - Classic RP</td><td>PI000107</td><td>60001186</td><td>1111111111111</td><td>Self</td><td>3</td><td>1</td><td>1994</td><td>AWXPV9306M</td><td>Mr</td><td>10th std Admit card with DOB</td><td>Aarav</td><td>A</td><td>B</td><td>Voters ID</td><td>1</td><td>Graduate</td><td>Single</td><td>Anil</td><td>A</td><td>B</td><td>Resident Indian National</td><td>Bangalore</td><td>kormangala</td><td>Adugodi</td><td>Near Forum</td><td>560066</td><td>Aadhaar Card</td><td>9740234356</td><td>vanitha.cv@prakat.in</td><td>English</td><td>Salaried - MNC</td><td>Accountant</td><td>Accountant</td><td>ABB Limited</td><td>100000</td><td>50000</td><td>Accountant</td><td>23</td><td>5</td><td>1974</td><td>Father</td><td>Married</td><td>100</td><td>700000</td><td>25</td><td>Monthly</td><td>15</td><td>7</td><td>2019</td><td>Non-Medical</td><td>123456789</td><td>123456789</td><td>Current</td><td>kunal</td><td>HDFC0002019</td><td>01</td><td>60000</td><td>Testing</td><td>Half Yearly</td><td>Srk</td><td>Credit Card - Matercard</td><td>1.23456789E8</td><td>07</td><td>2019.0</td><td>HDFC BANK</td><td>170</td><td>50</td><td>Cash</td><td>HDFC Bank</td><td>3392</td><td>Salary Slip</td><td>2018 - 19</td><td>2000</td><td>Non Smoker</td><td>Cheque</td><td>HDFC Bank</td><td>123456.0</td><td>2000.0</td><td>19</td><td>06</td><td>2019.0</td><td>Local</td><td>HDFC BANK LTD</td><td>Kondapur</td><td>123456789</td><td>123456789</td><td>kunal</td></tr><tr><th colspan="90">Exception</th></tr><tr><td colspan="90"><div class="stacktrace">org.openqa.selenium.NoSuchElementException: no such element: Unable to locate element: {&quot;method&quot;:&quot;id&quot;,&quot;selector&quot;:&quot;username&quot;}
  (Session info: chrome=75.0.3770.142)
  (Driver info: chromedriver=74.0.3729.6 (255758eccf3d244491b8a1317aa76e1ce10d57e9-refs/branch-heads/3729@{#29}),platform=Windows NT 10.0.17763 x86_64) (WARNING: The server did not provide any stacktrace information)
Command duration or timeout: 0 milliseconds
For documentation on this error, please visit: http://seleniumhq.org/exceptions/no_such_element.html
Build info: version: &apos;3.14.0&apos;, revision: &apos;aacccce0&apos;, time: &apos;2018-08-02T20:19:58.91Z&apos;
System info: host: &apos;PRAKAT-L-064&apos;, ip: &apos;192.168.1.90&apos;, os.name: &apos;Windows 10&apos;, os.arch: &apos;amd64&apos;, os.version: &apos;10.0&apos;, java.version: &apos;1.8.0_161&apos;
Driver info: org.openqa.selenium.chrome.ChromeDriver
Capabilities {acceptInsecureCerts: false, acceptSslCerts: false, applicationCacheEnabled: false, browserConnectionEnabled: false, browserName: chrome, chrome: {chromedriverVersion: 74.0.3729.6 (255758eccf3d24..., userDataDir: C:\Users\PRAKAT~1\AppData\L...}, cssSelectorsEnabled: true, databaseEnabled: false, goog:chromeOptions: {debuggerAddress: localhost:60132}, handlesAlerts: true, hasTouchScreen: false, javascriptEnabled: true, locationContextEnabled: true, mobileEmulationEnabled: false, nativeEvents: true, networkConnectionEnabled: false, pageLoadStrategy: normal, platform: XP, platformName: XP, proxy: Proxy(), rotatable: false, setWindowRect: true, strictFileInteractability: false, takesHeapSnapshot: true, takesScreenshot: true, timeouts: {implicit: 0, pageLoad: 300000, script: 30000}, unexpectedAlertBehaviour: ignore, unhandledPromptBehavior: ignore, version: 75.0.3770.142, webStorageEnabled: true}
Session ID: afffca73439079765078e1031cad2624
*** Element info: {Using=id, value=username}
	at sun.reflect.NativeConstructorAccessorImpl.newInstance0(Native Method)
	at sun.reflect.NativeConstructorAccessorImpl.newInstance(Unknown Source)
	at sun.reflect.DelegatingConstructorAccessorImpl.newInstance(Unknown Source)
	at java.lang.reflect.Constructor.newInstance(Unknown Source)
	at org.openqa.selenium.remote.ErrorHandler.createThrowable(ErrorHandler.java:214)
	at org.openqa.selenium.remote.ErrorHandler.throwIfResponseFailed(ErrorHandler.java:166)
	at org.openqa.selenium.remote.http.JsonHttpResponseCodec.reconstructValue(JsonHttpResponseCodec.java:40)
	at org.openqa.selenium.remote.http.AbstractHttpResponseCodec.decode(AbstractHttpResponseCodec.java:80)
	at org.openqa.selenium.remote.http.AbstractHttpResponseCodec.decode(AbstractHttpResponseCodec.java:44)
	at org.openqa.selenium.remote.HttpCommandExecutor.execute(HttpCommandExecutor.java:158)
	at org.openqa.selenium.remote.service.DriverCommandExecutor.execute(DriverCommandExecutor.java:83)
	at org.openqa.selenium.remote.RemoteWebDriver.execute(RemoteWebDriver.java:548)
	at org.openqa.selenium.remote.RemoteWebDriver.findElement(RemoteWebDriver.java:322)
	at org.openqa.selenium.remote.RemoteWebDriver.findElementById(RemoteWebDriver.java:368)
	at org.openqa.selenium.By$ById.findElement(By.java:188)
	at org.openqa.selenium.remote.RemoteWebDriver.findElement(RemoteWebDriver.java:314)
	at org.openqa.selenium.support.pagefactory.DefaultElementLocator.findElement(DefaultElementLocator.java:69)
	at org.openqa.selenium.support.pagefactory.internal.LocatingElementHandler.invoke(LocatingElementHandler.java:38)
	at com.sun.proxy.$Proxy13.sendKeys(Unknown Source)
	at com.prakat.Exide.Pages.LoginPage.login(LoginPage.java:68)
	at com.prakat.Exide.TestScripts.PFMonthly.ProductDetails(PFMonthly.java:112)
	at sun.reflect.NativeMethodAccessorImpl.invoke0(Native Method)
	at sun.reflect.NativeMethodAccessorImpl.invoke(Unknown Source)
	at sun.reflect.DelegatingMethodAccessorImpl.invoke(Unknown Source)
	at java.lang.reflect.Method.invoke(Unknown Source)
	at org.testng.internal.MethodInvocationHelper.invokeMethod(MethodInvocationHelper.java:124)
	at org.testng.internal.Invoker.invokeMethod(Invoker.java:583)
	at org.testng.internal.Invoker.invokeTestMethod(Invoker.java:719)
	at org.testng.internal.Invoker.invokeTestMethods(Invoker.java:989)
	at org.testng.internal.TestMethodWorker.invokeTestMethods(TestMethodWorker.java:125)
	at org.testng.internal.TestMethodWorker.run(TestMethodWorker.java:109)
	at org.testng.TestRunner.privateRun(TestRunner.java:648)
	at org.testng.TestRunner.run(TestRunner.java:505)
	at org.testng.SuiteRunner.runTest(SuiteRunner.java:455)
	at org.testng.SuiteRunner.runSequentially(SuiteRunner.java:450)
	at org.testng.SuiteRunner.privateRun(SuiteRunner.java:415)
	at org.testng.SuiteRunner.run(SuiteRunner.java:364)
	at org.testng.SuiteRunnerWorker.runSuite(SuiteRunnerWorker.java:52)
	at org.testng.SuiteRunnerWorker.run(SuiteRunnerWorker.java:84)
	at org.testng.TestNG.runSuitesSequentially(TestNG.java:1208)
	at org.testng.TestNG.runSuitesLocally(TestNG.java:1137)
	at org.testng.TestNG.runSuites(TestNG.java:1049)
	at org.testng.TestNG.run(TestNG.java:1017)
	at org.testng.remote.AbstractRemoteTestNG.run(AbstractRemoteTestNG.java:114)
	at org.testng.remote.RemoteTestNG.initAndRun(RemoteTestNG.java:251)
	at org.testng.remote.RemoteTestNG.main(RemoteTestNG.java:77)
</div></td></tr></table><p class="totop"><a href="#summary">back to summary</a></p>
</body>
</html>
